<?xml version="1.0" encoding="UTF-8"?>
<testsuite xmlns:xsi="http://www.w3.org/2001/XMLSchema-instance" xsi:noNamespaceSchemaLocation="https://maven.apache.org/surefire/maven-surefire-plugin/xsd/surefire-test-report.xsd" name="one.digitalinnovation.modulo4.ProjetoMaven.Ex3_component.src.test.java.one.digitalinnovation.AppTest" time="0.046" tests="1" errors="0" skipped="0" failures="0">
  <properties>
    <property name="java.specification.version" value="18"/>
    <property name="sun.jnu.encoding" value="UTF-8"/>
    <property name="java.class.path" value="/Users/danielebsilva/Estudos/Java/java-dio-santander-bootcamp/SantanderCodeGirls/src/one/digitalinnovation/modulo4/ProjetoMaven/Ex3_component/target/test-classes:/Users/danielebsilva/Estudos/Java/java-dio-santander-bootcamp/SantanderCodeGirls/src/one/digitalinnovation/modulo4/ProjetoMaven/Ex3_component/target/classes:/Users/danielebsilva/.m2/repository/junit/junit/4.11/junit-4.11.jar:/Users/danielebsilva/.m2/repository/org/hamcrest/hamcrest-core/1.3/hamcrest-core-1.3.jar:/Users/danielebsilva/.m2/repository/com/google/code/gson/gson/2.9.0/gson-2.9.0.jar:"/>
    <property name="java.vm.vendor" value="Oracle Corporation"/>
    <property name="sun.arch.data.model" value="64"/>
    <property name="java.vendor.url" value="https://java.oracle.com/"/>
    <property name="os.name" value="Mac OS X"/>
    <property name="java.vm.specification.version" value="18"/>
    <property name="sun.java.launcher" value="SUN_STANDARD"/>
    <property name="user.country" value="BR"/>
    <property name="sun.boot.library.path" value="/Library/Java/JavaVirtualMachines/jdk-18.0.1.1.jdk/Contents/Home/lib"/>
    <property name="sun.java.command" value="/Users/danielebsilva/Estudos/Java/java-dio-santander-bootcamp/SantanderCodeGirls/src/one/digitalinnovation/modulo4/ProjetoMaven/Ex3_component/target/surefire/surefirebooter12404868672958276882.jar /Users/danielebsilva/Estudos/Java/java-dio-santander-bootcamp/SantanderCodeGirls/src/one/digitalinnovation/modulo4/ProjetoMaven/Ex3_component/target/surefire 2022-08-01T03-12-41_908-jvmRun1 surefire172367592030024934tmp surefire_09146252082851358796tmp"/>
    <property name="http.nonProxyHosts" value="local|*.local|169.254/16|*.169.254/16"/>
    <property name="jdk.debug" value="release"/>
    <property name="surefire.test.class.path" value="/Users/danielebsilva/Estudos/Java/java-dio-santander-bootcamp/SantanderCodeGirls/src/one/digitalinnovation/modulo4/ProjetoMaven/Ex3_component/target/test-classes:/Users/danielebsilva/Estudos/Java/java-dio-santander-bootcamp/SantanderCodeGirls/src/one/digitalinnovation/modulo4/ProjetoMaven/Ex3_component/target/classes:/Users/danielebsilva/.m2/repository/junit/junit/4.11/junit-4.11.jar:/Users/danielebsilva/.m2/repository/org/hamcrest/hamcrest-core/1.3/hamcrest-core-1.3.jar:/Users/danielebsilva/.m2/repository/com/google/code/gson/gson/2.9.0/gson-2.9.0.jar:"/>
    <property name="sun.cpu.endian" value="little"/>
    <property name="user.home" value="/Users/danielebsilva"/>
    <property name="user.language" value="pt"/>
    <property name="java.specification.vendor" value="Oracle Corporation"/>
    <property name="java.version.date" value="2022-04-22"/>
    <property name="java.home" value="/Library/Java/JavaVirtualMachines/jdk-18.0.1.1.jdk/Contents/Home"/>
    <property name="file.separator" value="/"/>
    <property name="basedir" value="/Users/danielebsilva/Estudos/Java/java-dio-santander-bootcamp/SantanderCodeGirls/src/one/digitalinnovation/modulo4/ProjetoMaven/Ex3_component"/>
    <property name="java.vm.compressedOopsMode" value="Zero based"/>
    <property name="line.separator" value="&#10;"/>
    <property name="java.specification.name" value="Java Platform API Specification"/>
    <property name="java.vm.specification.vendor" value="Oracle Corporation"/>
    <property name="apple.awt.application.name" value="ForkedBooter"/>
    <property name="surefire.real.class.path" value="/Users/danielebsilva/Estudos/Java/java-dio-santander-bootcamp/SantanderCodeGirls/src/one/digitalinnovation/modulo4/ProjetoMaven/Ex3_component/target/surefire/surefirebooter12404868672958276882.jar"/>
    <property name="sun.management.compiler" value="HotSpot 64-Bit Tiered Compilers"/>
    <property name="ftp.nonProxyHosts" value="local|*.local|169.254/16|*.169.254/16"/>
    <property name="java.runtime.version" value="18.0.1.1+2-6"/>
    <property name="user.name" value="danielebsilva"/>
    <property name="path.separator" value=":"/>
    <property name="os.version" value="10.15.7"/>
    <property name="java.runtime.name" value="Java(TM) SE Runtime Environment"/>
    <property name="file.encoding" value="UTF-8"/>
    <property name="java.vm.name" value="Java HotSpot(TM) 64-Bit Server VM"/>
    <property name="localRepository" value="/Users/danielebsilva/.m2/repository"/>
    <property name="java.vendor.url.bug" value="https://bugreport.java.com/bugreport/"/>
    <property name="java.io.tmpdir" value="/var/folders/z0/2lmz9sf50p957_wmf5zmxsc40000gp/T/"/>
    <property name="java.version" value="18.0.1.1"/>
    <property name="user.dir" value="/Users/danielebsilva/Estudos/Java/java-dio-santander-bootcamp/SantanderCodeGirls/src/one/digitalinnovation/modulo4/ProjetoMaven/Ex3_component"/>
    <property name="os.arch" value="x86_64"/>
    <property name="java.vm.specification.name" value="Java Virtual Machine Specification"/>
    <property name="native.encoding" value="UTF-8"/>
    <property name="java.library.path" value="/Users/danielebsilva/Library/Java/Extensions:/Library/Java/Extensions:/Network/Library/Java/Extensions:/System/Library/Java/Extensions:/usr/lib/java:."/>
    <property name="java.vm.info" value="mixed mode, sharing"/>
    <property name="java.vendor" value="Oracle Corporation"/>
    <property name="java.vm.version" value="18.0.1.1+2-6"/>
    <property name="sun.io.unicode.encoding" value="UnicodeBig"/>
    <property name="socksNonProxyHosts" value="local|*.local|169.254/16|*.169.254/16"/>
    <property name="java.class.version" value="62.0"/>
  </properties>
  <testcase name="shouldAnswerWithTrue" classname="one.digitalinnovation.modulo4.ProjetoMaven.Ex3_component.src.test.java.one.digitalinnovation.AppTest" time="0.004"/>
</testsuite>